total 1152
-rw-r--r--  1 amaindro  2015_paris   1927 Aug 28 22:22 Makefile
-rwxr-xr-x  1 amaindro  2015_paris      0 Aug 28 23:16 a.out
-rw-r--r--  1 amaindro  2015_paris      9 Aug 28 22:22 auteur
-rw-r--r--  1 amaindro  2015_paris   1335 Aug 28 22:22 ft_atoi.c
-rw-r--r--  1 amaindro  2015_paris   1112 Aug 28 22:48 ft_atoi.o
-rw-r--r--  1 amaindro  2015_paris   1042 Aug 28 22:22 ft_bzero.c
-rw-r--r--  1 amaindro  2015_paris    676 Aug 28 22:48 ft_bzero.o
-rw-r--r--  1 amaindro  2015_paris   1050 Aug 28 22:22 ft_isalnum.c
-rw-r--r--  1 amaindro  2015_paris    704 Aug 28 22:48 ft_isalnum.o
-rw-r--r--  1 amaindro  2015_paris   1021 Aug 28 22:22 ft_isalpha.c
-rw-r--r--  1 amaindro  2015_paris    680 Aug 28 22:48 ft_isalpha.o
-rw-r--r--  1 amaindro  2015_paris    991 Aug 28 22:22 ft_isascii.c
-rw-r--r--  1 amaindro  2015_paris    656 Aug 28 22:48 ft_isascii.o
-rw-r--r--  1 amaindro  2015_paris    993 Aug 28 22:22 ft_isdigit.c
-rw-r--r--  1 amaindro  2015_paris    656 Aug 28 22:48 ft_isdigit.o
-rw-r--r--  1 amaindro  2015_paris    992 Aug 28 22:22 ft_isprint.c
-rw-r--r--  1 amaindro  2015_paris    656 Aug 28 22:48 ft_isprint.o
-rw-r--r--  1 amaindro  2015_paris   1454 Aug 28 22:22 ft_itoa.c
-rw-r--r--  1 amaindro  2015_paris   1100 Aug 28 22:48 ft_itoa.o
-rw-r--r--  1 amaindro  2015_paris    998 Aug 28 22:22 ft_lstadd.c
-rw-r--r--  1 amaindro  2015_paris    636 Aug 28 22:48 ft_lstadd.o
-rw-r--r--  1 amaindro  2015_paris   1076 Aug 28 22:22 ft_lstdel.c
-rw-r--r--  1 amaindro  2015_paris    708 Aug 28 22:48 ft_lstdel.o
-rw-r--r--  1 amaindro  2015_paris   1077 Aug 28 22:22 ft_lstdelone.c
-rw-r--r--  1 amaindro  2015_paris    720 Aug 28 22:48 ft_lstdelone.o
-rw-r--r--  1 amaindro  2015_paris   1027 Aug 28 22:22 ft_lstiter.c
-rw-r--r--  1 amaindro  2015_paris    664 Aug 28 22:48 ft_lstiter.o
-rw-r--r--  1 amaindro  2015_paris   1286 Aug 28 22:22 ft_lstmap.c
-rw-r--r--  1 amaindro  2015_paris    832 Aug 28 22:48 ft_lstmap.o
-rw-r--r--  1 amaindro  2015_paris   1407 Aug 28 22:22 ft_lstnew.c
-rw-r--r--  1 amaindro  2015_paris    888 Aug 28 22:48 ft_lstnew.o
-rw-r--r--  1 amaindro  2015_paris   1098 Aug 28 22:22 ft_memalloc.c
-rw-r--r--  1 amaindro  2015_paris    752 Aug 28 22:48 ft_memalloc.o
-rw-r--r--  1 amaindro  2015_paris   1185 Aug 28 22:22 ft_memccpy.c
-rw-r--r--  1 amaindro  2015_paris    760 Aug 28 22:48 ft_memccpy.o
-rw-r--r--  1 amaindro  2015_paris   1111 Aug 28 22:22 ft_memchr.c
-rw-r--r--  1 amaindro  2015_paris    716 Aug 28 22:48 ft_memchr.o
-rw-r--r--  1 amaindro  2015_paris   1220 Aug 28 22:22 ft_memcmp.c
-rw-r--r--  1 amaindro  2015_paris    804 Aug 28 22:48 ft_memcmp.o
-rw-r--r--  1 amaindro  2015_paris   1120 Aug 28 22:22 ft_memcpy.c
-rw-r--r--  1 amaindro  2015_paris    700 Aug 28 22:48 ft_memcpy.o
-rw-r--r--  1 amaindro  2015_paris    990 Aug 28 22:22 ft_memdel.c
-rw-r--r--  1 amaindro  2015_paris    676 Aug 28 22:48 ft_memdel.o
-rw-r--r--  1 amaindro  2015_paris   1214 Aug 28 22:22 ft_memmove.c
-rw-r--r--  1 amaindro  2015_paris    800 Aug 28 22:48 ft_memmove.o
-rw-r--r--  1 amaindro  2015_paris   1068 Aug 28 22:22 ft_memset.c
-rw-r--r--  1 amaindro  2015_paris    684 Aug 28 22:48 ft_memset.o
-rw-r--r--  1 amaindro  2015_paris   1014 Aug 28 22:22 ft_power.c
-rw-r--r--  1 amaindro  2015_paris    676 Aug 28 22:48 ft_power.o
-rw-r--r--  1 amaindro  2015_paris    978 Aug 28 22:22 ft_putchar.c
-rw-r--r--  1 amaindro  2015_paris    676 Aug 28 22:48 ft_putchar.o
-rw-r--r--  1 amaindro  2015_paris    990 Aug 28 22:22 ft_putchar_fd.c
-rw-r--r--  1 amaindro  2015_paris    688 Aug 28 22:48 ft_putchar_fd.o
-rw-r--r--  1 amaindro  2015_paris   1001 Aug 28 22:22 ft_putendl.c
-rw-r--r--  1 amaindro  2015_paris    708 Aug 28 22:48 ft_putendl.o
-rw-r--r--  1 amaindro  2015_paris   1006 Aug 28 22:22 ft_putendl_fd.c
-rw-r--r--  1 amaindro  2015_paris    728 Aug 28 22:48 ft_putendl_fd.o
-rw-r--r--  1 amaindro  2015_paris   1118 Aug 28 22:22 ft_putnbr.c
-rw-r--r--  1 amaindro  2015_paris    924 Aug 28 22:48 ft_putnbr.o
-rw-r--r--  1 amaindro  2015_paris   1157 Aug 28 22:22 ft_putnbr_fd.c
-rw-r--r--  1 amaindro  2015_paris    956 Aug 28 22:48 ft_putnbr_fd.o
-rw-r--r--  1 amaindro  2015_paris   1000 Aug 28 22:22 ft_putstr.c
-rw-r--r--  1 amaindro  2015_paris    720 Aug 28 22:48 ft_putstr.o
-rw-r--r--  1 amaindro  2015_paris   1019 Aug 28 22:22 ft_putstr_fd.c
-rw-r--r--  1 amaindro  2015_paris    740 Aug 28 22:48 ft_putstr_fd.o
-rw-r--r--  1 amaindro  2015_paris   1548 Aug 28 22:48 ft_qsort.c
-rw-r--r--  1 amaindro  2015_paris   1148 Aug 28 22:48 ft_qsort.o
-rw-r--r--  1 amaindro  2015_paris   1137 Aug 28 22:22 ft_read.c
-rw-r--r--  1 amaindro  2015_paris    924 Aug 28 22:48 ft_read.o
-rw-r--r--  1 amaindro  2015_paris   1059 Aug 28 22:22 ft_root.c
-rw-r--r--  1 amaindro  2015_paris    740 Aug 28 22:48 ft_root.o
-rw-r--r--  1 amaindro  2015_paris   1109 Aug 28 22:22 ft_strcat.c
-rw-r--r--  1 amaindro  2015_paris    760 Aug 28 22:48 ft_strcat.o
-rw-r--r--  1 amaindro  2015_paris   1078 Aug 28 22:22 ft_strchr.c
-rw-r--r--  1 amaindro  2015_paris    748 Aug 28 22:48 ft_strchr.o
-rw-r--r--  1 amaindro  2015_paris   1008 Aug 28 22:22 ft_strclr.c
-rw-r--r--  1 amaindro  2015_paris    660 Aug 28 22:48 ft_strclr.o
-rw-r--r--  1 amaindro  2015_paris   1200 Aug 28 22:22 ft_strcmp.c
-rw-r--r--  1 amaindro  2015_paris    812 Aug 28 22:48 ft_strcmp.o
-rw-r--r--  1 amaindro  2015_paris   1065 Aug 28 22:22 ft_strcpy.c
-rw-r--r--  1 amaindro  2015_paris    692 Aug 28 22:48 ft_strcpy.o
-rw-r--r--  1 amaindro  2015_paris   1005 Aug 28 22:22 ft_strdel.c
-rw-r--r--  1 amaindro  2015_paris    684 Aug 28 22:48 ft_strdel.o
-rw-r--r--  1 amaindro  2015_paris   1076 Aug 28 22:22 ft_strdup.c
-rw-r--r--  1 amaindro  2015_paris    796 Aug 28 22:48 ft_strdup.o
-rw-r--r--  1 amaindro  2015_paris   1113 Aug 28 22:22 ft_strequ.c
-rw-r--r--  1 amaindro  2015_paris    812 Aug 28 22:48 ft_strequ.o
-rw-r--r--  1 amaindro  2015_paris   1025 Aug 28 22:22 ft_striter.c
-rw-r--r--  1 amaindro  2015_paris    688 Aug 28 22:48 ft_striter.o
-rw-r--r--  1 amaindro  2015_paris   1043 Aug 28 22:22 ft_striteri.c
-rw-r--r--  1 amaindro  2015_paris    688 Aug 28 22:48 ft_striteri.o
-rw-r--r--  1 amaindro  2015_paris   1264 Aug 28 22:22 ft_strjoin.c
-rw-r--r--  1 amaindro  2015_paris    956 Aug 28 22:48 ft_strjoin.o
-rw-r--r--  1 amaindro  2015_paris   1181 Aug 28 22:22 ft_strlcat.c
-rw-r--r--  1 amaindro  2015_paris    920 Aug 28 22:48 ft_strlcat.o
-rw-r--r--  1 amaindro  2015_paris   1015 Aug 28 22:22 ft_strlen.c
-rw-r--r--  1 amaindro  2015_paris    660 Aug 28 22:48 ft_strlen.o
-rw-r--r--  1 amaindro  2015_paris   1190 Aug 28 22:22 ft_strmap.c
-rw-r--r--  1 amaindro  2015_paris    840 Aug 28 22:48 ft_strmap.o
-rw-r--r--  1 amaindro  2015_paris   1201 Aug 28 22:22 ft_strmapi.c
-rw-r--r--  1 amaindro  2015_paris    848 Aug 28 22:48 ft_strmapi.o
-rw-r--r--  1 amaindro  2015_paris   1155 Aug 28 22:22 ft_strncat.c
-rw-r--r--  1 amaindro  2015_paris    808 Aug 28 22:48 ft_strncat.o
-rw-r--r--  1 amaindro  2015_paris   1259 Aug 28 22:22 ft_strncmp.c
-rw-r--r--  1 amaindro  2015_paris    880 Aug 28 22:48 ft_strncmp.o
-rw-r--r--  1 amaindro  2015_paris   1116 Aug 28 22:22 ft_strncpy.c
-rw-r--r--  1 amaindro  2015_paris    784 Aug 28 22:48 ft_strncpy.o
-rw-r--r--  1 amaindro  2015_paris   1229 Aug 28 22:22 ft_strndup.c
-rw-r--r--  1 amaindro  2015_paris    944 Aug 28 22:48 ft_strndup.o
-rw-r--r--  1 amaindro  2015_paris   1143 Aug 28 22:22 ft_strnequ.c
-rw-r--r--  1 amaindro  2015_paris    848 Aug 28 22:48 ft_strnequ.o
-rw-r--r--  1 amaindro  2015_paris   1096 Aug 28 22:22 ft_strnew.c
-rw-r--r--  1 amaindro  2015_paris    760 Aug 28 22:48 ft_strnew.o
-rw-r--r--  1 amaindro  2015_paris   1229 Aug 28 22:22 ft_strnstr.c
-rw-r--r--  1 amaindro  2015_paris    864 Aug 28 22:48 ft_strnstr.o
-rw-r--r--  1 amaindro  2015_paris   1103 Aug 28 22:22 ft_strrchr.c
-rw-r--r--  1 amaindro  2015_paris    792 Aug 28 22:48 ft_strrchr.o
-rw-r--r--  1 amaindro  2015_paris   2022 Aug 28 22:22 ft_strsplit.c
-rw-r--r--  1 amaindro  2015_paris   2052 Aug 28 22:48 ft_strsplit.o
-rw-r--r--  1 amaindro  2015_paris   1198 Aug 28 22:22 ft_strstr.c
-rw-r--r--  1 amaindro  2015_paris    812 Aug 28 22:48 ft_strstr.o
-rw-r--r--  1 amaindro  2015_paris   1244 Aug 28 22:22 ft_strsub.c
-rw-r--r--  1 amaindro  2015_paris    912 Aug 28 22:48 ft_strsub.o
-rw-r--r--  1 amaindro  2015_paris   1480 Aug 28 22:22 ft_strtrim.c
-rw-r--r--  1 amaindro  2015_paris   1216 Aug 28 22:48 ft_strtrim.o
-rw-r--r--  1 amaindro  2015_paris    993 Aug 28 22:22 ft_tolower.c
-rw-r--r--  1 amaindro  2015_paris    648 Aug 28 22:48 ft_tolower.o
-rw-r--r--  1 amaindro  2015_paris    993 Aug 28 22:22 ft_toupper.c
-rw-r--r--  1 amaindro  2015_paris    648 Aug 28 22:48 ft_toupper.o
-rw-r--r--  1 amaindro  2015_paris  57232 Aug 28 22:48 libft.a
-rw-r--r--  1 amaindro  2015_paris   3973 Aug 28 22:22 libft.h
-rw-r--r--  1 amaindro  2015_paris    440 Aug 28 23:13 test.c
